<?xml version="1.0" encoding="UTF-8"?>
<testsuite xmlns:xsi="http://www.w3.org/2001/XMLSchema-instance" xsi:noNamespaceSchemaLocation="https://maven.apache.org/surefire/maven-surefire-plugin/xsd/surefire-test-report.xsd" name="org.msuffo.hoteles.HotelesApplicationTests" time="0.019" tests="1" errors="1" skipped="0" failures="0">
  <properties>
[...]
</properties>
  <testcase name="initializationError" classname="org.msuffo.hoteles.HotelesApplicationTests" time="0.009">
    <error message="Unable to find a @SpringBootConfiguration, you need to use @ContextConfiguration or @SpringBootTest(classes=...) with your test" type="java.lang.IllegalStateException">java.lang.IllegalStateException: Unable to find a @SpringBootConfiguration, you need to use @ContextConfiguration or @SpringBootTest(classes=...) with your test
</error>
    <system-out><![CDATA[00:22:39.945 [main] DEBUG org.springframework.test.context.junit4.SpringJUnit4ClassRunner - SpringJUnit4ClassRunner constructor called with [class org.msuffo.hoteles.HotelesApplicationTests]
00:22:39.946 [main] DEBUG org.springframework.test.context.BootstrapUtils - Instantiating CacheAwareContextLoaderDelegate from class [org.springframework.test.context.cache.DefaultCacheAwareContextLoaderDelegate]
00:22:39.946 [main] DEBUG org.springframework.test.context.BootstrapUtils - Instantiating BootstrapContext using constructor [public org.springframework.test.context.support.DefaultBootstrapContext(java.lang.Class,org.springframework.test.context.CacheAwareContextLoaderDelegate)]
00:22:39.947 [main] DEBUG org.springframework.test.context.BootstrapUtils - Instantiating TestContextBootstrapper for test class [org.msuffo.hoteles.HotelesApplicationTests] from class [org.springframework.boot.test.context.SpringBootTestContextBootstrapper]
00:22:39.947 [main] INFO org.springframework.boot.test.context.SpringBootTestContextBootstrapper - Neither @ContextConfiguration nor @ContextHierarchy found for test class [org.msuffo.hoteles.HotelesApplicationTests], using SpringBootContextLoader
00:22:39.948 [main] DEBUG org.springframework.test.context.support.AbstractContextLoader - Did not detect default resource location for test class [org.msuffo.hoteles.HotelesApplicationTests]: class path resource [org/msuffo/hoteles/HotelesApplicationTests-context.xml] does not exist
00:22:39.948 [main] DEBUG org.springframework.test.context.support.AbstractContextLoader - Did not detect default resource location for test class [org.msuffo.hoteles.HotelesApplicationTests]: class path resource [org/msuffo/hoteles/HotelesApplicationTestsContext.groovy] does not exist
00:22:39.948 [main] INFO org.springframework.test.context.support.AbstractContextLoader - Could not detect default resource locations for test class [org.msuffo.hoteles.HotelesApplicationTests]: no resource found for suffixes {-context.xml, Context.groovy}.
00:22:39.948 [main] INFO org.springframework.test.context.support.AnnotationConfigContextLoaderUtils - Could not detect default configuration classes for test class [org.msuffo.hoteles.HotelesApplicationTests]: HotelesApplicationTests does not declare any static, non-private, non-final, nested classes annotated with @Configuration.
00:22:39.952 [main] DEBUG org.springframework.test.context.support.ActiveProfilesUtils - Could not find an 'annotation declaring class' for annotation type [org.springframework.test.context.ActiveProfiles] and class [org.msuffo.hoteles.HotelesApplicationTests]
]]></system-out>
  </testcase>
</testsuite>